<?xml version="1.0" encoding="UTF-8"?>
<!-- Generated by org.testng.reporters.JUnitReportReporter -->
<testsuite hostname="Amr" failures="0" tests="3" name="com.town.testcases.AddToCartTests" time="85.090" errors="0" timestamp="11 Mar 2023 21:57:00 GMT" skipped="0">
  <testcase classname="com.town.testcases.AddToCartTests" name="add_item_to_cart" time="28.390"/>
  <testcase classname="com.town.testcases.AddToCartTests" name="delete_item_from_cart" time="29.276"/>
  <testcase classname="com.town.testcases.AddToCartTests" name="add_out_of_stock_item_to_cart" time="27.424"/>
</testsuite> <!-- com.town.testcases.AddToCartTests -->
