<?xml version="1.0" encoding="UTF-8"?>
<!-- Generated by org.testng.reporters.JUnitReportReporter -->
<testsuite hostname="Amr" failures="0" tests="5" name="com.town.testcases.LogInScreenTests" time="170.466" errors="0" timestamp="11 Mar 2023 21:50:33 GMT" skipped="0">
  <testcase classname="com.town.testcases.LogInScreenTests" name="sign_in_valid_data" time="28.317"/>
  <testcase classname="com.town.testcases.LogInScreenTests" name="sign_in_valid_email_invalid_pass" time="25.747"/>
  <testcase classname="com.town.testcases.LogInScreenTests" name="sign_in_invalid_email_valid_pass" time="26.383"/>
  <testcase classname="com.town.testcases.LogInScreenTests" name="empty_email_valid_pass" time="45.138"/>
  <testcase classname="com.town.testcases.LogInScreenTests" name="empty_pass_valid_email" time="44.881"/>
</testsuite> <!-- com.town.testcases.LogInScreenTests -->
