<?xml version="1.0" encoding="UTF-8"?>
<!-- Generated by org.testng.reporters.JUnitReportReporter -->
<testsuite hostname="Amr" failures="0" tests="1" name="com.town.base.Base" time="12.868" errors="0" timestamp="01 Feb 2023 11:07:36 GMT" skipped="0">
  <testcase classname="com.town.base.Base" name="beforeclass" time="12.868"/>
</testsuite> <!-- com.town.base.Base -->
