<?xml version="1.0" encoding="UTF-8"?>
<!-- Generated by org.testng.reporters.JUnitReportReporter -->
<testsuite hostname="Amr" failures="0" tests="1" name="com.town.testcases.SignUpScreen" time="0.011" errors="0" timestamp="01 Feb 2023 12:27:39 GMT" skipped="0">
  <testcase classname="com.town.testcases.SignUpScreen" name="valid_data" time="0.011"/>
</testsuite> <!-- com.town.testcases.SignUpScreen -->
